Using pre-set license
Built from '2021.3/staging' branch; Version is '2021.3.15f1 (e8e88683f834) revision 15263878'; Using compiler version '192829333'; Build Type 'Release'
OS: 'Windows 11  (10.0.22621) 64bit Professional' Language: 'fr' Physical Memory: 32627 MB
BatchMode: 1, IsHumanControllingUs: 0, StartBugReporterOnCrash: 0, Is64bit: 1, IsPro: 1

COMMAND LINE ARGUMENTS:
C:\Program Files\Unity\Hub\Editor\2021.3.15f1\Editor\Unity.exe
-adb2
-batchMode
-noUpm
-name
AssetImportWorker0
-projectPath
C:/Users/ozylo/Desktop/Cours/smartApp/FinalProject/repo/TheRoadToSalvation
-logFile
Logs/AssetImportWorker0.log
-srvPort
63662
Successfully changed project path to: C:/Users/ozylo/Desktop/Cours/smartApp/FinalProject/repo/TheRoadToSalvation
C:/Users/ozylo/Desktop/Cours/smartApp/FinalProject/repo/TheRoadToSalvation
[UnityMemory] Configuration Parameters - Can be set up in boot.config
    "memorysetup-bucket-allocator-granularity=16"
    "memorysetup-bucket-allocator-bucket-count=8"
    "memorysetup-bucket-allocator-block-size=33554432"
    "memorysetup-bucket-allocator-block-count=8"
    "memorysetup-main-allocator-block-size=16777216"
    "memorysetup-thread-allocator-block-size=16777216"
    "memorysetup-gfx-main-allocator-block-size=16777216"
    "memorysetup-gfx-thread-allocator-block-size=16777216"
    "memorysetup-cache-allocator-block-size=4194304"
    "memorysetup-typetree-allocator-block-size=2097152"
    "memorysetup-profiler-bucket-allocator-granularity=16"
    "memorysetup-profiler-bucket-allocator-bucket-count=8"
    "memorysetup-profiler-bucket-allocator-block-size=33554432"
    "memorysetup-profiler-bucket-allocator-block-count=8"
    "memorysetup-profiler-allocator-block-size=16777216"
    "memorysetup-profiler-editor-allocator-block-size=1048576"
    "memorysetup-temp-allocator-size-main=16777216"
    "memorysetup-job-temp-allocator-block-size=2097152"
    "memorysetup-job-temp-allocator-block-size-background=1048576"
    "memorysetup-job-temp-allocator-reduction-small-platforms=262144"
    "memorysetup-temp-allocator-size-background-worker=32768"
    "memorysetup-temp-allocator-size-job-worker=262144"
    "memorysetup-temp-allocator-size-preload-manager=33554432"
    "memorysetup-temp-allocator-size-nav-mesh-worker=65536"
    "memorysetup-temp-allocator-size-audio-worker=65536"
    "memorysetup-temp-allocator-size-cloud-worker=32768"
    "memorysetup-temp-allocator-size-gi-baking-worker=262144"
    "memorysetup-temp-allocator-size-gfx=262144"
Player connection [16692] Host "[IP] 10.188.103.239 [Port] 0 [Flags] 2 [Guid] 1863943001 [EditorId] 1863943001 [Version] 1048832 [Id] WindowsEditor(7,DESKTOP-2PEK1KO) [Debug] 1 [PackageName] WindowsEditor [ProjectName] Editor" joined multi-casting on [225.0.0.222:54997]...

Player connection [16692] Host "[IP] 10.188.103.239 [Port] 0 [Flags] 2 [Guid] 1863943001 [EditorId] 1863943001 [Version] 1048832 [Id] WindowsEditor(7,DESKTOP-2PEK1KO) [Debug] 1 [PackageName] WindowsEditor [ProjectName] Editor" joined alternative multi-casting on [225.0.0.222:34997]...

Refreshing native plugins compatible for Editor in 58.20 ms, found 3 plugins.
Preloading 0 native plugins for Editor in 0.00 ms.
Initialize engine version: 2021.3.15f1 (e8e88683f834)
[Subsystems] Discovering subsystems at path C:/Program Files/Unity/Hub/Editor/2021.3.15f1/Editor/Data/Resources/UnitySubsystems
[Subsystems] Discovering subsystems at path C:/Users/ozylo/Desktop/Cours/smartApp/FinalProject/repo/TheRoadToSalvation/Assets
GfxDevice: creating device client; threaded=0; jobified=0
Direct3D:
    Version:  Direct3D 11.0 [level 11.1]
    Renderer: NVIDIA GeForce RTX 3060 Ti (ID=0x2414)
    Vendor:   NVIDIA
    VRAM:     8038 MB
    Driver:   31.0.15.2802
Initialize mono
Mono path[0] = 'C:/Program Files/Unity/Hub/Editor/2021.3.15f1/Editor/Data/Managed'
Mono path[1] = 'C:/Program Files/Unity/Hub/Editor/2021.3.15f1/Editor/Data/MonoBleedingEdge/lib/mono/unityjit-win32'
Mono config path = 'C:/Program Files/Unity/Hub/Editor/2021.3.15f1/Editor/Data/MonoBleedingEdge/etc'
Using monoOptions --debugger-agent=transport=dt_socket,embedding=1,server=y,suspend=n,address=127.0.0.1:56404
Begin MonoManager ReloadAssembly
Registering precompiled unity dll's ...
Register platform support module: C:/Program Files/Unity/Hub/Editor/2021.3.15f1/Editor/Data/PlaybackEngines/WebGLSupport/UnityEditor.WebGL.Extensions.dll
Register platform support module: C:/Program Files/Unity/Hub/Editor/2021.3.15f1/Editor/Data/PlaybackEngines/WindowsStandaloneSupport/UnityEditor.WindowsStandalone.Extensions.dll
Registered in 0.003933 seconds.
Native extension for WindowsStandalone target not found
Native extension for WebGL target not found
Refreshing native plugins compatible for Editor in 56.83 ms, found 3 plugins.
Preloading 0 native plugins for Editor in 0.00 ms.
Mono: successfully reloaded assembly
- Completed reload, in  0.464 seconds
Domain Reload Profiling:
	ReloadAssembly (465ms)
		BeginReloadAssembly (42ms)
			ExecutionOrderSort (0ms)
			DisableScriptedObjects (0ms)
			BackupInstance (0ms)
			ReleaseScriptingObjects (0ms)
			CreateAndSetChildDomain (1ms)
		EndReloadAssembly (351ms)
			LoadAssemblies (41ms)
			RebuildTransferFunctionScriptingTraits (0ms)
			SetupTypeCache (63ms)
			ReleaseScriptCaches (0ms)
			RebuildScriptCaches (16ms)
			SetupLoadedEditorAssemblies (242ms)
				LogAssemblyErrors (0ms)
				InitializePlatformSupportModulesInManaged (6ms)
				SetLoadedEditorAssemblies (0ms)
				RefreshPlugins (57ms)
				BeforeProcessingInitializeOnLoad (1ms)
				ProcessInitializeOnLoadAttributes (151ms)
				ProcessInitializeOnLoadMethodAttributes (27ms)
				AfterProcessingInitializeOnLoad (0ms)
				EditorAssembliesLoaded (0ms)
			ExecutionOrderSort2 (0ms)
			AwakeInstancesAfterBackupRestoration (0ms)
Platform modules already initialized, skipping
Registering precompiled user dll's ...
Registered in 0.003600 seconds.
Begin MonoManager ReloadAssembly
Symbol file LoadedFromMemory doesn't match image C:\Users\ozylo\Desktop\Cours\smartApp\FinalProject\repo\TheRoadToSalvation\Library\PackageCache\com.unity.visualscripting@1.7.8\Editor\VisualScripting.Core\Dependencies\YamlDotNet\Unity.VisualScripting.YamlDotNet.dll
Symbol file LoadedFromMemory doesn't match image C:\Users\ozylo\Desktop\Cours\smartApp\FinalProject\repo\TheRoadToSalvation\Library\PackageCache\com.unity.visualscripting@1.7.8\Editor\VisualScripting.Core\Dependencies\DotNetZip\Unity.VisualScripting.IonicZip.dll
Native extension for WindowsStandalone target not found
Native extension for WebGL target not found
Refreshing native plugins compatible for Editor in 0.48 ms, found 3 plugins.
Preloading 0 native plugins for Editor in 0.00 ms.
Mono: successfully reloaded assembly
- Completed reload, in  0.627 seconds
Domain Reload Profiling:
	ReloadAssembly (628ms)
		BeginReloadAssembly (63ms)
			ExecutionOrderSort (0ms)
			DisableScriptedObjects (3ms)
			BackupInstance (0ms)
			ReleaseScriptingObjects (0ms)
			CreateAndSetChildDomain (12ms)
		EndReloadAssembly (497ms)
			LoadAssemblies (47ms)
			RebuildTransferFunctionScriptingTraits (0ms)
			SetupTypeCache (164ms)
			ReleaseScriptCaches (0ms)
			RebuildScriptCaches (28ms)
			SetupLoadedEditorAssemblies (229ms)
				LogAssemblyErrors (0ms)
				InitializePlatformSupportModulesInManaged (4ms)
				SetLoadedEditorAssemblies (0ms)
				RefreshPlugins (1ms)
				BeforeProcessingInitializeOnLoad (52ms)
				ProcessInitializeOnLoadAttributes (154ms)
				ProcessInitializeOnLoadMethodAttributes (15ms)
				AfterProcessingInitializeOnLoad (4ms)
				EditorAssembliesLoaded (0ms)
			ExecutionOrderSort2 (0ms)
			AwakeInstancesAfterBackupRestoration (4ms)
Platform modules already initialized, skipping
========================================================================
Worker process is ready to serve import requests
Launched and connected shader compiler UnityShaderCompiler.exe after 0.03 seconds
Refreshing native plugins compatible for Editor in 0.47 ms, found 3 plugins.
Preloading 0 native plugins for Editor in 0.00 ms.
Unloading 3523 Unused Serialized files (Serialized files now loaded: 0)
Unloading 32 unused Assets / (0.7 MB). Loaded Objects now: 4012.
Memory consumption went from 151.8 MB to 151.2 MB.
Total: 3.189700 ms (FindLiveObjects: 0.163200 ms CreateObjectMapping: 0.061400 ms MarkObjects: 2.757700 ms  DeleteObjects: 0.206100 ms)

AssetImportParameters requested are different than current active one (requested -> active):
  custom:video-decoder-ogg-theora: a1e56fd34408186e4bbccfd4996cb3dc -> 
  custom:container-muxer-webm: aa71ff27fc2769a1b78a27578f13a17b -> 
  custom:container-demuxer-webm: 4f35f7cbe854078d1ac9338744f61a02 -> 
  custom:video-encoder-webm-vp8: eb34c28f22e8b96e1ab97ce403110664 -> 
  custom:video-codec-MediaFoundation-h265: 746d11721c4dcdbdad8f713fa42b33f4 -> 
  custom:audio-encoder-webm-vorbis: bf7c407c2cedff20999df2af8eb42d56 -> 
  custom:framework-win-MediaFoundation: 216162199b28c13a410421893ffa2e32 -> 
  custom:container-demuxer-ogg: 62fdf1f143b41e24485cea50d1cbac27 -> 
  custom:video-decoder-webm-vp8: 9c59270c3fd7afecdb556c50c9e8de78 -> 
  custom:audio-decoder-ogg-vorbis: bf7c407c2cedff20999df2af8eb42d56 -> 
========================================================================
Received Import Request.
  Time since last request: 174114.014580 seconds.
  path: Assets/Scenes/Main2.unity
  artifactKey: Guid(39adb9b0ac5cde542a068b11b40b2390) Importer(815301076,1909f56bfc062723c751e8b465ee728b)
Start importing Assets/Scenes/Main2.unity using Guid(39adb9b0ac5cde542a068b11b40b2390) Importer(815301076,1909f56bfc062723c751e8b465ee728b)  -> (artifact id: '7f32043e5c5f31afd9fa0f099ebe8404') in 0.005680 seconds 
========================================================================
Received Import Request.
  Time since last request: 40.760324 seconds.
  path: Assets/Scenes/Main.unity
  artifactKey: Guid(f3b75b62da4303843926449c2499a40d) Importer(815301076,1909f56bfc062723c751e8b465ee728b)
Start importing Assets/Scenes/Main.unity using Guid(f3b75b62da4303843926449c2499a40d) Importer(815301076,1909f56bfc062723c751e8b465ee728b)  -> (artifact id: '28506f52fafa80f85e4c9c7298e73a7f') in 0.002870 seconds 
========================================================================
Received Import Request.
  Time since last request: 97.939324 seconds.
  path: Assets/Scenes/Main.unity
  artifactKey: Guid(f3b75b62da4303843926449c2499a40d) Importer(815301076,1909f56bfc062723c751e8b465ee728b)
Start importing Assets/Scenes/Main.unity using Guid(f3b75b62da4303843926449c2499a40d) Importer(815301076,1909f56bfc062723c751e8b465ee728b)  -> (artifact id: 'ce5ac8d79ed2da5da27bc23bec6560b2') in 0.001808 seconds 
========================================================================
Received Import Request.
  Time since last request: 52.712151 seconds.
  path: Assets/Prefab/Characters2
  artifactKey: Guid(b1f9fcc72a09f1c47ac9eb0af69074c1) Importer(815301076,1909f56bfc062723c751e8b465ee728b)
Start importing Assets/Prefab/Characters2 using Guid(b1f9fcc72a09f1c47ac9eb0af69074c1) Importer(815301076,1909f56bfc062723c751e8b465ee728b)  -> (artifact id: '95a2de78faf7398d662b7baf56798d4b') in 0.003068 seconds 
========================================================================
Received Import Request.
  Time since last request: 121.533347 seconds.
  path: Assets/Prefab/Characters
  artifactKey: Guid(e954a4c57fdee554687be7dd2c35fb82) Importer(815301076,1909f56bfc062723c751e8b465ee728b)
Start importing Assets/Prefab/Characters using Guid(e954a4c57fdee554687be7dd2c35fb82) Importer(815301076,1909f56bfc062723c751e8b465ee728b)  -> (artifact id: '56365fbf8e273336ff82a6cd61ec5f1c') in 0.006213 seconds 
========================================================================
Received Prepare
Registering precompiled user dll's ...
Registered in 0.003073 seconds.
Begin MonoManager ReloadAssembly
Symbol file LoadedFromMemory doesn't match image C:\Users\ozylo\Desktop\Cours\smartApp\FinalProject\repo\TheRoadToSalvation\Library\PackageCache\com.unity.visualscripting@1.7.8\Editor\VisualScripting.Core\Dependencies\YamlDotNet\Unity.VisualScripting.YamlDotNet.dll
Symbol file LoadedFromMemory doesn't match image C:\Users\ozylo\Desktop\Cours\smartApp\FinalProject\repo\TheRoadToSalvation\Library\PackageCache\com.unity.visualscripting@1.7.8\Editor\VisualScripting.Core\Dependencies\DotNetZip\Unity.VisualScripting.IonicZip.dll
Native extension for WindowsStandalone target not found
Native extension for WebGL target not found
Refreshing native plugins compatible for Editor in 0.61 ms, found 3 plugins.
Preloading 0 native plugins for Editor in 0.00 ms.
Mono: successfully reloaded assembly
- Completed reload, in  0.666 seconds
Domain Reload Profiling:
	ReloadAssembly (667ms)
		BeginReloadAssembly (90ms)
			ExecutionOrderSort (0ms)
			DisableScriptedObjects (3ms)
			BackupInstance (0ms)
			ReleaseScriptingObjects (0ms)
			CreateAndSetChildDomain (22ms)
		EndReloadAssembly (518ms)
			LoadAssemblies (65ms)
			RebuildTransferFunctionScriptingTraits (0ms)
			SetupTypeCache (169ms)
			ReleaseScriptCaches (1ms)
			RebuildScriptCaches (35ms)
			SetupLoadedEditorAssemblies (213ms)
				LogAssemblyErrors (0ms)
				InitializePlatformSupportModulesInManaged (9ms)
				SetLoadedEditorAssemblies (0ms)
				RefreshPlugins (1ms)
				BeforeProcessingInitializeOnLoad (42ms)
				ProcessInitializeOnLoadAttributes (143ms)
				ProcessInitializeOnLoadMethodAttributes (13ms)
				AfterProcessingInitializeOnLoad (5ms)
				EditorAssembliesLoaded (0ms)
			ExecutionOrderSort2 (0ms)
			AwakeInstancesAfterBackupRestoration (3ms)
Platform modules already initialized, skipping
Refreshing native plugins compatible for Editor in 1.54 ms, found 3 plugins.
Preloading 0 native plugins for Editor in 0.00 ms.
Unloading 3474 Unused Serialized files (Serialized files now loaded: 0)
Unloading 26 unused Assets / (0.7 MB). Loaded Objects now: 4016.
Memory consumption went from 147.6 MB to 146.9 MB.
Total: 3.221000 ms (FindLiveObjects: 0.317400 ms CreateObjectMapping: 0.088200 ms MarkObjects: 2.512700 ms  DeleteObjects: 0.301900 ms)

AssetImportParameters requested are different than current active one (requested -> active):
  custom:video-decoder-ogg-theora: a1e56fd34408186e4bbccfd4996cb3dc -> 
  custom:container-muxer-webm: aa71ff27fc2769a1b78a27578f13a17b -> 
  custom:container-demuxer-webm: 4f35f7cbe854078d1ac9338744f61a02 -> 
  custom:video-encoder-webm-vp8: eb34c28f22e8b96e1ab97ce403110664 -> 
  custom:video-codec-MediaFoundation-h265: 746d11721c4dcdbdad8f713fa42b33f4 -> 
  custom:audio-encoder-webm-vorbis: bf7c407c2cedff20999df2af8eb42d56 -> 
  custom:framework-win-MediaFoundation: 216162199b28c13a410421893ffa2e32 -> 
  custom:container-demuxer-ogg: 62fdf1f143b41e24485cea50d1cbac27 -> 
  custom:video-decoder-webm-vp8: 9c59270c3fd7afecdb556c50c9e8de78 -> 
  custom:audio-decoder-ogg-vorbis: bf7c407c2cedff20999df2af8eb42d56 -> 
========================================================================
Received Import Request.
  Time since last request: 85.696528 seconds.
  path: Assets/Prefab/Items
  artifactKey: Guid(f36215e2a860fbd4695a0ac8cfc982a0) Importer(815301076,1909f56bfc062723c751e8b465ee728b)
Start importing Assets/Prefab/Items using Guid(f36215e2a860fbd4695a0ac8cfc982a0) Importer(815301076,1909f56bfc062723c751e8b465ee728b)  -> (artifact id: '392e25e456775d76b5fdc4a060a356c0') in 0.010064 seconds 
========================================================================
Received Import Request.
  Time since last request: 1.303837 seconds.
  path: Assets/Prefab/Items/Cage
  artifactKey: Guid(fc2da99848bbb3740890161c42a3458b) Importer(815301076,1909f56bfc062723c751e8b465ee728b)
Start importing Assets/Prefab/Items/Cage using Guid(fc2da99848bbb3740890161c42a3458b) Importer(815301076,1909f56bfc062723c751e8b465ee728b)  -> (artifact id: '228fe79586c0cc9ce5e0d5eb5bfb92b2') in 0.002614 seconds 
========================================================================
Received Import Request.
  Time since last request: 2.706863 seconds.
  path: Assets/Prefab/Items/Cage/Prefabs
  artifactKey: Guid(f333522726c3c154e9e30c8b84a673cc) Importer(815301076,1909f56bfc062723c751e8b465ee728b)
Start importing Assets/Prefab/Items/Cage/Prefabs using Guid(f333522726c3c154e9e30c8b84a673cc) Importer(815301076,1909f56bfc062723c751e8b465ee728b)  -> (artifact id: '71f18389cad6c9c092b24659bcfdde1d') in 0.002039 seconds 
========================================================================
Received Import Request.
  Time since last request: 0.053158 seconds.
  path: Assets/Prefab/Items/Cage/Prefabs/hamsterCage.prefab
  artifactKey: Guid(779fa3e6908846940a9d714da7530be0) Importer(815301076,1909f56bfc062723c751e8b465ee728b)
Start importing Assets/Prefab/Items/Cage/Prefabs/hamsterCage.prefab using Guid(779fa3e6908846940a9d714da7530be0) Importer(815301076,1909f56bfc062723c751e8b465ee728b)  -> (artifact id: '813e4817a09ff76629439d85df72774f') in 1.157488 seconds 
========================================================================
Received Import Request.
  Time since last request: 63.167017 seconds.
  path: Assets/Scenes/Main.unity
  artifactKey: Guid(f3b75b62da4303843926449c2499a40d) Importer(815301076,1909f56bfc062723c751e8b465ee728b)
Start importing Assets/Scenes/Main.unity using Guid(f3b75b62da4303843926449c2499a40d) Importer(815301076,1909f56bfc062723c751e8b465ee728b)  -> (artifact id: '633a3f322e1c6d030b418368897d7f23') in 0.002135 seconds 
========================================================================
Received Import Request.
  Time since last request: 321.221140 seconds.
  path: Assets/Scenes/Main.unity
  artifactKey: Guid(f3b75b62da4303843926449c2499a40d) Importer(815301076,1909f56bfc062723c751e8b465ee728b)
Start importing Assets/Scenes/Main.unity using Guid(f3b75b62da4303843926449c2499a40d) Importer(815301076,1909f56bfc062723c751e8b465ee728b)  -> (artifact id: '36f87ea717380fc93be1b0cd661336fe') in 0.002133 seconds 
========================================================================
Received Import Request.
  Time since last request: 14.558388 seconds.
  path: Assets/Prefab/Characters/A1 B2 C3
  artifactKey: Guid(15a856c997fc77541a1d81f3bff32daa) Importer(815301076,1909f56bfc062723c751e8b465ee728b)
Start importing Assets/Prefab/Characters/A1 B2 C3 using Guid(15a856c997fc77541a1d81f3bff32daa) Importer(815301076,1909f56bfc062723c751e8b465ee728b)  -> (artifact id: '45c49d550c7587292decd48dc3be06dd') in 0.002146 seconds 
========================================================================
Received Import Request.
  Time since last request: 0.843902 seconds.
  path: Assets/Prefab/Characters/A1 B2 C3/top down robot
  artifactKey: Guid(b52e33f43da1ecf458d51ee29fb90ca7) Importer(815301076,1909f56bfc062723c751e8b465ee728b)
Start importing Assets/Prefab/Characters/A1 B2 C3/top down robot using Guid(b52e33f43da1ecf458d51ee29fb90ca7) Importer(815301076,1909f56bfc062723c751e8b465ee728b)  -> (artifact id: '5b3ed25606a51d989134e8e2557c6eaf') in 0.002275 seconds 
========================================================================
Received Import Request.
  Time since last request: 0.481271 seconds.
  path: Assets/Prefab/Characters/A1 B2 C3/top down robot/Prefab
  artifactKey: Guid(52262637942364d47900375843e7657a) Importer(815301076,1909f56bfc062723c751e8b465ee728b)
Start importing Assets/Prefab/Characters/A1 B2 C3/top down robot/Prefab using Guid(52262637942364d47900375843e7657a) Importer(815301076,1909f56bfc062723c751e8b465ee728b)  -> (artifact id: 'aaebcaae0ab84f3fd2262cb08f46e9d5') in 0.002335 seconds 
========================================================================
Received Import Request.
  Time since last request: 0.058364 seconds.
  path: Assets/Prefab/Characters/A1 B2 C3/top down robot/Prefab/SM_Robot_001_Prefab.prefab
  artifactKey: Guid(438d96c848c8c8e4d8e179e721b3ce86) Importer(815301076,1909f56bfc062723c751e8b465ee728b)
Start importing Assets/Prefab/Characters/A1 B2 C3/top down robot/Prefab/SM_Robot_001_Prefab.prefab using Guid(438d96c848c8c8e4d8e179e721b3ce86) Importer(815301076,1909f56bfc062723c751e8b465ee728b)  -> (artifact id: 'b9c6c887f023bf2473b6ac753f172251') in 0.003468 seconds 
========================================================================
Received Import Request.
  Time since last request: 140.488252 seconds.
  path: Assets/prefabtempo.prefab
  artifactKey: Guid(db59ea03522954144ba017075bf0480e) Importer(815301076,1909f56bfc062723c751e8b465ee728b)
Start importing Assets/prefabtempo.prefab using Guid(db59ea03522954144ba017075bf0480e) Importer(815301076,1909f56bfc062723c751e8b465ee728b)  -> (artifact id: '14f6497f5fdc3fd61dc9399eff899d13') in 0.008839 seconds 
========================================================================
Received Import Request.
  Time since last request: 153.657620 seconds.
  path: Assets/InCageMutan Variant.prefab
  artifactKey: Guid(98db1083a058e1849bdca4913594a4c1) Importer(815301076,1909f56bfc062723c751e8b465ee728b)
Start importing Assets/InCageMutan Variant.prefab using Guid(98db1083a058e1849bdca4913594a4c1) Importer(815301076,1909f56bfc062723c751e8b465ee728b)  -> (artifact id: 'b721bc56249afa9d90a0dbedc75c1bd6') in 0.004437 seconds 
========================================================================
Received Import Request.
  Time since last request: 0.000015 seconds.
  path: Assets/SM_Robot_001 (2) Variant.prefab
  artifactKey: Guid(e33df498e6c96964e8db6548fe84f444) Importer(815301076,1909f56bfc062723c751e8b465ee728b)
Start importing Assets/SM_Robot_001 (2) Variant.prefab using Guid(e33df498e6c96964e8db6548fe84f444) Importer(815301076,1909f56bfc062723c751e8b465ee728b)  -> (artifact id: '2f836c3fd5dcd34a07c29ccf05c9119d') in 0.003446 seconds 
========================================================================
Received Import Request.
  Time since last request: 0.000013 seconds.
  path: Assets/SM_Robot_001 Variant.prefab
  artifactKey: Guid(f000bff25c6fff74d8b375558474bb69) Importer(815301076,1909f56bfc062723c751e8b465ee728b)
Start importing Assets/SM_Robot_001 Variant.prefab using Guid(f000bff25c6fff74d8b375558474bb69) Importer(815301076,1909f56bfc062723c751e8b465ee728b)  -> (artifact id: '5a8f5858cb870943ce8af5e5721261d5') in 0.044709 seconds 
========================================================================
Received Import Request.
  Time since last request: 171.471915 seconds.
  path: Assets/InCageMutan Variant.prefab
  artifactKey: Guid(ee2c2550ceda1714b98935716f48bbfc) Importer(815301076,1909f56bfc062723c751e8b465ee728b)
Start importing Assets/InCageMutan Variant.prefab using Guid(ee2c2550ceda1714b98935716f48bbfc) Importer(815301076,1909f56bfc062723c751e8b465ee728b)  -> (artifact id: '1b1142f69ca0964edc50a69034207004') in 0.003663 seconds 
========================================================================
Received Import Request.
  Time since last request: 0.000016 seconds.
  path: Assets/SM_Robot_001 Variant.prefab
  artifactKey: Guid(b03f3da58dce1514082e40e7ec21bf97) Importer(815301076,1909f56bfc062723c751e8b465ee728b)
Start importing Assets/SM_Robot_001 Variant.prefab using Guid(b03f3da58dce1514082e40e7ec21bf97) Importer(815301076,1909f56bfc062723c751e8b465ee728b)  -> (artifact id: '9d05d16866191a63533f18c7ed1cbd21') in 0.002972 seconds 
========================================================================
Received Import Request.
  Time since last request: 156.716143 seconds.
  path: Assets/Scenes/Main2.unity
  artifactKey: Guid(39adb9b0ac5cde542a068b11b40b2390) Importer(815301076,1909f56bfc062723c751e8b465ee728b)
Start importing Assets/Scenes/Main2.unity using Guid(39adb9b0ac5cde542a068b11b40b2390) Importer(815301076,1909f56bfc062723c751e8b465ee728b)  -> (artifact id: '810f51424f11c9d4e2aa0c40c830a24a') in 0.001732 seconds 
========================================================================
Received Import Request.
  Time since last request: 5105.460562 seconds.
  path: Assets/Flooded_Grounds
  artifactKey: Guid(ebb8ab8e4fa9436478480a455f3549de) Importer(815301076,1909f56bfc062723c751e8b465ee728b)
Start importing Assets/Flooded_Grounds using Guid(ebb8ab8e4fa9436478480a455f3549de) Importer(815301076,1909f56bfc062723c751e8b465ee728b)  -> (artifact id: 'df0c9951d57051e29d67be0217994408') in 0.002438 seconds 
========================================================================
Received Import Request.
  Time since last request: 2.777261 seconds.
  path: Assets/Scenes/Main2.unity
  artifactKey: Guid(39adb9b0ac5cde542a068b11b40b2390) Importer(815301076,1909f56bfc062723c751e8b465ee728b)
Start importing Assets/Scenes/Main2.unity using Guid(39adb9b0ac5cde542a068b11b40b2390) Importer(815301076,1909f56bfc062723c751e8b465ee728b)  -> (artifact id: '845d9ffb1c4158606213509b73ea01f7') in 0.001836 seconds 
========================================================================
Received Import Request.
  Time since last request: 12.451913 seconds.
  path: Assets/Scenes/Main.unity
  artifactKey: Guid(f3b75b62da4303843926449c2499a40d) Importer(815301076,1909f56bfc062723c751e8b465ee728b)
Start importing Assets/Scenes/Main.unity using Guid(f3b75b62da4303843926449c2499a40d) Importer(815301076,1909f56bfc062723c751e8b465ee728b)  -> (artifact id: 'f83571397a286726f47154c8a3458135') in 0.002282 seconds 
========================================================================
Received Import Request.
  Time since last request: 140.962685 seconds.
  path: Assets/Prefab/Characters/Denver
  artifactKey: Guid(aefdd12e97e6045419231feb3c6f5b6e) Importer(815301076,1909f56bfc062723c751e8b465ee728b)
Start importing Assets/Prefab/Characters/Denver using Guid(aefdd12e97e6045419231feb3c6f5b6e) Importer(815301076,1909f56bfc062723c751e8b465ee728b)  -> (artifact id: 'aba0e2364c321deab32238f01405c0b5') in 0.002967 seconds 
========================================================================
Received Import Request.
  Time since last request: 0.056355 seconds.
  path: Assets/Prefab/Characters/Denver/Talking.dae
  artifactKey: Guid(feaa4fa3b7345a04495e012777af2b55) Importer(815301076,1909f56bfc062723c751e8b465ee728b)
Start importing Assets/Prefab/Characters/Denver/Talking.dae using Guid(feaa4fa3b7345a04495e012777af2b55) Importer(815301076,1909f56bfc062723c751e8b465ee728b)  -> (artifact id: 'dcc55206afe5b06c3814061a3bd2ee25') in 0.372881 seconds 
========================================================================
Received Import Request.
  Time since last request: 215.799130 seconds.
  path: Assets/Prefab/Characters/Cat_Rob_Eng_Pap
  artifactKey: Guid(051af928a874bba4ebacf855cc8e0009) Importer(815301076,1909f56bfc062723c751e8b465ee728b)
Start importing Assets/Prefab/Characters/Cat_Rob_Eng_Pap using Guid(051af928a874bba4ebacf855cc8e0009) Importer(815301076,1909f56bfc062723c751e8b465ee728b)  -> (artifact id: '29074c9b36ca931ba73d554f5b956d6a') in 0.001995 seconds 
========================================================================
Received Import Request.
  Time since last request: 1.360736 seconds.
  path: Assets/Prefab/Characters/Cat_Rob_Eng_Pap/Same Gev Dudios
  artifactKey: Guid(b9cf327adbdb9e646832fb4fa906cff4) Importer(815301076,1909f56bfc062723c751e8b465ee728b)
Start importing Assets/Prefab/Characters/Cat_Rob_Eng_Pap/Same Gev Dudios using Guid(b9cf327adbdb9e646832fb4fa906cff4) Importer(815301076,1909f56bfc062723c751e8b465ee728b)  -> (artifact id: '77e4e43b9ad48ed693eeef9a618cb742') in 0.002084 seconds 
========================================================================
Received Import Request.
  Time since last request: 0.658531 seconds.
  path: Assets/Prefab/Characters/Cat_Rob_Eng_Pap/Same Gev Dudios/Sci-Fi Robots Bundle
  artifactKey: Guid(c4f05b4188cd265458459dab5b6dbda0) Importer(815301076,1909f56bfc062723c751e8b465ee728b)
Start importing Assets/Prefab/Characters/Cat_Rob_Eng_Pap/Same Gev Dudios/Sci-Fi Robots Bundle using Guid(c4f05b4188cd265458459dab5b6dbda0) Importer(815301076,1909f56bfc062723c751e8b465ee728b)  -> (artifact id: 'cf79339dc5909b0ed40f53dd507efa83') in 0.001793 seconds 
========================================================================
Received Import Request.
  Time since last request: 2.206647 seconds.
  path: Assets/Prefab/Characters/Cat_Rob_Eng_Pap/Same Gev Dudios/Sci-Fi Robots Bundle/Prefabs
  artifactKey: Guid(90c94bbb9f92ed14cb4fa4b0f766fd9a) Importer(815301076,1909f56bfc062723c751e8b465ee728b)
Start importing Assets/Prefab/Characters/Cat_Rob_Eng_Pap/Same Gev Dudios/Sci-Fi Robots Bundle/Prefabs using Guid(90c94bbb9f92ed14cb4fa4b0f766fd9a) Importer(815301076,1909f56bfc062723c751e8b465ee728b)  -> (artifact id: '5df4ab321782ca7a0ffa580b213decc8') in 0.001933 seconds 
========================================================================
Received Import Request.
  Time since last request: 0.063636 seconds.
  path: Assets/Prefab/Characters/Cat_Rob_Eng_Pap/Same Gev Dudios/Sci-Fi Robots Bundle/Prefabs/Catherine.prefab
  artifactKey: Guid(d63ce3e8ae59e1e43a2d3399a6d0908a) Importer(815301076,1909f56bfc062723c751e8b465ee728b)
Start importing Assets/Prefab/Characters/Cat_Rob_Eng_Pap/Same Gev Dudios/Sci-Fi Robots Bundle/Prefabs/Catherine.prefab using Guid(d63ce3e8ae59e1e43a2d3399a6d0908a) Importer(815301076,1909f56bfc062723c751e8b465ee728b)  -> (artifact id: '34fd61998a5eb49d8025d6bdd1f7a900') in 0.006145 seconds 
========================================================================
Received Import Request.
  Time since last request: 0.000016 seconds.
  path: Assets/Prefab/Characters/Cat_Rob_Eng_Pap/Same Gev Dudios/Sci-Fi Robots Bundle/Prefabs/Robert.prefab
  artifactKey: Guid(5bc82b00d7f776745ba3201caad0bf23) Importer(815301076,1909f56bfc062723c751e8b465ee728b)
Start importing Assets/Prefab/Characters/Cat_Rob_Eng_Pap/Same Gev Dudios/Sci-Fi Robots Bundle/Prefabs/Robert.prefab using Guid(5bc82b00d7f776745ba3201caad0bf23) Importer(815301076,1909f56bfc062723c751e8b465ee728b)  -> (artifact id: '8f160d26508c05bf93f97076748ae0be') in 0.044144 seconds 
========================================================================
Received Import Request.
  Time since last request: 66.695077 seconds.
  path: Assets/Prefab/Characters/Cat_Rob_Eng_Pap/Same Gev Dudios/Sci-Fi Robots Bundle/Materials
  artifactKey: Guid(36fa64b4352c00d4799e4ce748e7a587) Importer(815301076,1909f56bfc062723c751e8b465ee728b)
Start importing Assets/Prefab/Characters/Cat_Rob_Eng_Pap/Same Gev Dudios/Sci-Fi Robots Bundle/Materials using Guid(36fa64b4352c00d4799e4ce748e7a587) Importer(815301076,1909f56bfc062723c751e8b465ee728b)  -> (artifact id: '6577b800135d4b651933d77ce870d3f9') in 0.002997 seconds 
========================================================================
Received Import Request.
  Time since last request: 0.049327 seconds.
  path: Assets/Prefab/Characters/Cat_Rob_Eng_Pap/Same Gev Dudios/Sci-Fi Robots Bundle/Materials/Catherine.mat
  artifactKey: Guid(abbe84456c2e4fa41ac8052ed7cf6546) Importer(815301076,1909f56bfc062723c751e8b465ee728b)
Start importing Assets/Prefab/Characters/Cat_Rob_Eng_Pap/Same Gev Dudios/Sci-Fi Robots Bundle/Materials/Catherine.mat using Guid(abbe84456c2e4fa41ac8052ed7cf6546) Importer(815301076,1909f56bfc062723c751e8b465ee728b)  -> (artifact id: '236671a0e8ee618490907d8af1c3a11b') in 0.076246 seconds 
========================================================================
Received Import Request.
  Time since last request: 0.000012 seconds.
  path: Assets/Prefab/Characters/Cat_Rob_Eng_Pap/Same Gev Dudios/Sci-Fi Robots Bundle/Materials/Paperman.mat
  artifactKey: Guid(80cc765229c22954aa4ed1de7f9980e2) Importer(815301076,1909f56bfc062723c751e8b465ee728b)
Start importing Assets/Prefab/Characters/Cat_Rob_Eng_Pap/Same Gev Dudios/Sci-Fi Robots Bundle/Materials/Paperman.mat using Guid(80cc765229c22954aa4ed1de7f9980e2) Importer(815301076,1909f56bfc062723c751e8b465ee728b)  -> (artifact id: '0fc1e29a6134e08de7613dd6b3998077') in 0.007539 seconds 
========================================================================
Received Import Request.
  Time since last request: 0.000015 seconds.
  path: Assets/Prefab/Characters/Cat_Rob_Eng_Pap/Same Gev Dudios/Sci-Fi Robots Bundle/Materials/Robert.mat
  artifactKey: Guid(4f18eac974b082d4f80f5a73fa782e4c) Importer(815301076,1909f56bfc062723c751e8b465ee728b)
Start importing Assets/Prefab/Characters/Cat_Rob_Eng_Pap/Same Gev Dudios/Sci-Fi Robots Bundle/Materials/Robert.mat using Guid(4f18eac974b082d4f80f5a73fa782e4c) Importer(815301076,1909f56bfc062723c751e8b465ee728b)  -> (artifact id: '84efb2fff0405e74b7323c4e377c4611') in 0.064770 seconds 
========================================================================
Received Import Request.
  Time since last request: 2.051261 seconds.
  path: Assets/Prefab/Characters/Cat_Rob_Eng_Pap/Same Gev Dudios/Sci-Fi Robots Bundle/Materials/Environment
  artifactKey: Guid(7c8a1c0806d2b2344b98ed1508a0cf9d) Importer(815301076,1909f56bfc062723c751e8b465ee728b)
Start importing Assets/Prefab/Characters/Cat_Rob_Eng_Pap/Same Gev Dudios/Sci-Fi Robots Bundle/Materials/Environment using Guid(7c8a1c0806d2b2344b98ed1508a0cf9d) Importer(815301076,1909f56bfc062723c751e8b465ee728b)  -> (artifact id: '0da138c12ca7423e2c999289b88a15fc') in 0.002478 seconds 
========================================================================
Received Import Request.
  Time since last request: 0.076814 seconds.
  path: Assets/Prefab/Characters/Cat_Rob_Eng_Pap/Same Gev Dudios/Sci-Fi Robots Bundle/Materials/Environment/Floor 1.mat
  artifactKey: Guid(97142e7e45276964ab5e172282e909a2) Importer(815301076,1909f56bfc062723c751e8b465ee728b)
Start importing Assets/Prefab/Characters/Cat_Rob_Eng_Pap/Same Gev Dudios/Sci-Fi Robots Bundle/Materials/Environment/Floor 1.mat using Guid(97142e7e45276964ab5e172282e909a2) Importer(815301076,1909f56bfc062723c751e8b465ee728b)  -> (artifact id: '8fad647eaa7c50b453bf536e8670d915') in 0.007959 seconds 
========================================================================
Received Import Request.
  Time since last request: 21.363574 seconds.
  path: Assets/Prefab/Characters/Cat_Rob_Eng_Pap/Same Gev Dudios/Sci-Fi Robots Bundle/Models
  artifactKey: Guid(2f521d6b61ca8c447be4180ee3bc7db8) Importer(815301076,1909f56bfc062723c751e8b465ee728b)
Start importing Assets/Prefab/Characters/Cat_Rob_Eng_Pap/Same Gev Dudios/Sci-Fi Robots Bundle/Models using Guid(2f521d6b61ca8c447be4180ee3bc7db8) Importer(815301076,1909f56bfc062723c751e8b465ee728b)  -> (artifact id: '36711042646ad0ef0147476964489d24') in 0.002351 seconds 
========================================================================
Received Import Request.
  Time since last request: 0.049737 seconds.
  path: Assets/Prefab/Characters/Cat_Rob_Eng_Pap/Same Gev Dudios/Sci-Fi Robots Bundle/Models/Catherine.fbx
  artifactKey: Guid(d65b0922a6f0dc2499a075d655271c67) Importer(815301076,1909f56bfc062723c751e8b465ee728b)
Start importing Assets/Prefab/Characters/Cat_Rob_Eng_Pap/Same Gev Dudios/Sci-Fi Robots Bundle/Models/Catherine.fbx using Guid(d65b0922a6f0dc2499a075d655271c67) Importer(815301076,1909f56bfc062723c751e8b465ee728b)  -> (artifact id: '8e162f360e82c4e88404bbf0ebbcbd39') in 0.041931 seconds 
========================================================================
Received Import Request.
  Time since last request: 0.000016 seconds.
  path: Assets/Prefab/Characters/Cat_Rob_Eng_Pap/Same Gev Dudios/Sci-Fi Robots Bundle/Models/Robert.fbx
  artifactKey: Guid(7940757c78e870446be557d99be551fb) Importer(815301076,1909f56bfc062723c751e8b465ee728b)
Start importing Assets/Prefab/Characters/Cat_Rob_Eng_Pap/Same Gev Dudios/Sci-Fi Robots Bundle/Models/Robert.fbx using Guid(7940757c78e870446be557d99be551fb) Importer(815301076,1909f56bfc062723c751e8b465ee728b)  -> (artifact id: '0c1a54e4f71299db296d11fc4449ece8') in 0.088046 seconds 
========================================================================
Received Import Request.
  Time since last request: 143.828463 seconds.
  path: Assets/Prefab/Characters/Lee
  artifactKey: Guid(c4cda3b643d7b14409b1aa253fa23dda) Importer(815301076,1909f56bfc062723c751e8b465ee728b)
Start importing Assets/Prefab/Characters/Lee using Guid(c4cda3b643d7b14409b1aa253fa23dda) Importer(815301076,1909f56bfc062723c751e8b465ee728b)  -> (artifact id: '5eeee30a3c22cdef8c1117dcbd785947') in 0.001909 seconds 
========================================================================
Received Import Request.
  Time since last request: 1.210348 seconds.
  path: Assets/Prefab/Characters/Lee/Biomechanical_Mutant
  artifactKey: Guid(57f7eae46a553e34fbde8b9896acc983) Importer(815301076,1909f56bfc062723c751e8b465ee728b)
Start importing Assets/Prefab/Characters/Lee/Biomechanical_Mutant using Guid(57f7eae46a553e34fbde8b9896acc983) Importer(815301076,1909f56bfc062723c751e8b465ee728b)  -> (artifact id: 'f916cce83da537c8df688cf68b45bece') in 0.001934 seconds 
========================================================================
Received Import Request.
  Time since last request: 2.777300 seconds.
  path: Assets/Prefab/Characters/Lee/Biomechanical_Mutant/Animations
  artifactKey: Guid(e5a0bf35dbb0b3945b5bdfbeb6ff8e8d) Importer(815301076,1909f56bfc062723c751e8b465ee728b)
Start importing Assets/Prefab/Characters/Lee/Biomechanical_Mutant/Animations using Guid(e5a0bf35dbb0b3945b5bdfbeb6ff8e8d) Importer(815301076,1909f56bfc062723c751e8b465ee728b)  -> (artifact id: '7a64af0d5654160882658f75b805164c') in 0.002383 seconds 
========================================================================
Received Import Request.
  Time since last request: 0.076596 seconds.
  path: Assets/Prefab/Characters/Lee/Biomechanical_Mutant/Animations/Breathing Idle.dae
  artifactKey: Guid(260d23ef9f4c97c49b9a6f81c5137b6f) Importer(815301076,1909f56bfc062723c751e8b465ee728b)
Start importing Assets/Prefab/Characters/Lee/Biomechanical_Mutant/Animations/Breathing Idle.dae using Guid(260d23ef9f4c97c49b9a6f81c5137b6f) Importer(815301076,1909f56bfc062723c751e8b465ee728b)  -> (artifact id: '988b900996673719ebd0a9de27eaf1ec') in 0.035081 seconds 
========================================================================
Received Import Request.
  Time since last request: 89.961425 seconds.
  path: Assets/Prefab/Characters/BB9
  artifactKey: Guid(b0504547e4af1ab40b35168aa5b22d97) Importer(815301076,1909f56bfc062723c751e8b465ee728b)
Start importing Assets/Prefab/Characters/BB9 using Guid(b0504547e4af1ab40b35168aa5b22d97) Importer(815301076,1909f56bfc062723c751e8b465ee728b)  -> (artifact id: 'dd9e8a6348e6a8e0e0bdaa8a7683c5e3') in 0.002630 seconds 
========================================================================
Received Import Request.
  Time since last request: 11.940188 seconds.
  path: Assets/Prefab/Characters/A1 B2 C3/top down robot/Robot
  artifactKey: Guid(c5a4a870f14a2c0429e661a01e714423) Importer(815301076,1909f56bfc062723c751e8b465ee728b)
Start importing Assets/Prefab/Characters/A1 B2 C3/top down robot/Robot using Guid(c5a4a870f14a2c0429e661a01e714423) Importer(815301076,1909f56bfc062723c751e8b465ee728b)  -> (artifact id: '1ff449751de2de8bb071040c213d58c7') in 0.002472 seconds 
========================================================================
Received Import Request.
  Time since last request: 0.058967 seconds.
  path: Assets/Prefab/Characters/A1 B2 C3/top down robot/Robot/M_Robot_001.mat
  artifactKey: Guid(7ccb3e6ade230424ba90ec5198b28850) Importer(815301076,1909f56bfc062723c751e8b465ee728b)
Start importing Assets/Prefab/Characters/A1 B2 C3/top down robot/Robot/M_Robot_001.mat using Guid(7ccb3e6ade230424ba90ec5198b28850) Importer(815301076,1909f56bfc062723c751e8b465ee728b)  -> (artifact id: 'a86ae7996b3a9c9f900f66c7a7a0e89d') in 0.289775 seconds 
========================================================================
Received Import Request.
  Time since last request: 0.000022 seconds.
  path: Assets/Prefab/Characters/A1 B2 C3/top down robot/Robot/M_Robot_003.mat
  artifactKey: Guid(5a6fe998a3e3788488013320d2c51876) Importer(815301076,1909f56bfc062723c751e8b465ee728b)
Start importing Assets/Prefab/Characters/A1 B2 C3/top down robot/Robot/M_Robot_003.mat using Guid(5a6fe998a3e3788488013320d2c51876) Importer(815301076,1909f56bfc062723c751e8b465ee728b)  -> (artifact id: 'a33f7b620169d372ac819c913ebf70f1') in 0.010502 seconds 
========================================================================
Received Import Request.
  Time since last request: 0.000025 seconds.
  path: Assets/Prefab/Characters/A1 B2 C3/top down robot/Robot/T_Robot_005_SG.tga
  artifactKey: Guid(519073e8102d03444968f684ef7b60f9) Importer(815301076,1909f56bfc062723c751e8b465ee728b)
Start importing Assets/Prefab/Characters/A1 B2 C3/top down robot/Robot/T_Robot_005_SG.tga using Guid(519073e8102d03444968f684ef7b60f9) Importer(815301076,1909f56bfc062723c751e8b465ee728b)  -> (artifact id: '1cd88d770846ee6134604aa59080cd76') in 0.119758 seconds 
========================================================================
Received Import Request.
  Time since last request: 0.000022 seconds.
  path: Assets/Prefab/Characters/A1 B2 C3/top down robot/Robot/M_Robot_005.mat
  artifactKey: Guid(03a723c40177aca4b97c8e8fa5ff4d1e) Importer(815301076,1909f56bfc062723c751e8b465ee728b)
Start importing Assets/Prefab/Characters/A1 B2 C3/top down robot/Robot/M_Robot_005.mat using Guid(03a723c40177aca4b97c8e8fa5ff4d1e) Importer(815301076,1909f56bfc062723c751e8b465ee728b)  -> (artifact id: '51e3f464a376ae54740f34c939668500') in 0.036592 seconds 
========================================================================
Received Import Request.
  Time since last request: 0.000014 seconds.
  path: Assets/Prefab/Characters/A1 B2 C3/top down robot/Robot/T_Robot_003_A.tga
  artifactKey: Guid(d172bff7d7d7ca34195a4cb8861cae76) Importer(815301076,1909f56bfc062723c751e8b465ee728b)
Start importing Assets/Prefab/Characters/A1 B2 C3/top down robot/Robot/T_Robot_003_A.tga using Guid(d172bff7d7d7ca34195a4cb8861cae76) Importer(815301076,1909f56bfc062723c751e8b465ee728b)  -> (artifact id: '3a084a74f88d47ae1e9d63f31fe2fdd7') in 0.009936 seconds 
========================================================================
Received Import Request.
  Time since last request: 0.000017 seconds.
  path: Assets/Prefab/Characters/A1 B2 C3/top down robot/Robot/T_Robot_001_N.png
  artifactKey: Guid(a6c66ea01ba8c294499bef42337b18fa) Importer(815301076,1909f56bfc062723c751e8b465ee728b)
Start importing Assets/Prefab/Characters/A1 B2 C3/top down robot/Robot/T_Robot_001_N.png using Guid(a6c66ea01ba8c294499bef42337b18fa) Importer(815301076,1909f56bfc062723c751e8b465ee728b)  -> (artifact id: '58d2d7ec1604134ae431d0f40bf593d2') in 0.034191 seconds 
========================================================================
Received Import Request.
  Time since last request: 0.000024 seconds.
  path: Assets/Prefab/Characters/A1 B2 C3/top down robot/Robot/T_Robot_004_A.tga
  artifactKey: Guid(b1e9fba9b18aeb746b01150fd23da365) Importer(815301076,1909f56bfc062723c751e8b465ee728b)
Start importing Assets/Prefab/Characters/A1 B2 C3/top down robot/Robot/T_Robot_004_A.tga using Guid(b1e9fba9b18aeb746b01150fd23da365) Importer(815301076,1909f56bfc062723c751e8b465ee728b)  -> (artifact id: 'f69f6f87b3fe6f4b7199b6873eb80edc') in 0.007765 seconds 
Editor requested this worker to shutdown with reason: Scaling down because of idle timeout
AssetImportWorker is now disconnected from the server
Process exiting
Exiting without the bug reporter. Application will terminate with return code 0