Using pre-set license
Built from '2021.3/staging' branch; Version is '2021.3.15f1 (e8e88683f834) revision 15263878'; Using compiler version '192829333'; Build Type 'Release'
OS: 'Windows 11  (10.0.22621) 64bit Professional' Language: 'fr' Physical Memory: 32627 MB
BatchMode: 1, IsHumanControllingUs: 0, StartBugReporterOnCrash: 0, Is64bit: 1, IsPro: 1

COMMAND LINE ARGUMENTS:
C:\Program Files\Unity\Hub\Editor\2021.3.15f1\Editor\Unity.exe
-adb2
-batchMode
-noUpm
-name
AssetImportWorker8
-projectPath
C:/Users/ozylo/Desktop/Cours/smartApp/FinalProject/repo/TheRoadToSalvation
-logFile
Logs/AssetImportWorker8.log
-srvPort
63662
Successfully changed project path to: C:/Users/ozylo/Desktop/Cours/smartApp/FinalProject/repo/TheRoadToSalvation
C:/Users/ozylo/Desktop/Cours/smartApp/FinalProject/repo/TheRoadToSalvation
[UnityMemory] Configuration Parameters - Can be set up in boot.config
    "memorysetup-bucket-allocator-granularity=16"
    "memorysetup-bucket-allocator-bucket-count=8"
    "memorysetup-bucket-allocator-block-size=33554432"
    "memorysetup-bucket-allocator-block-count=8"
    "memorysetup-main-allocator-block-size=16777216"
    "memorysetup-thread-allocator-block-size=16777216"
    "memorysetup-gfx-main-allocator-block-size=16777216"
    "memorysetup-gfx-thread-allocator-block-size=16777216"
    "memorysetup-cache-allocator-block-size=4194304"
    "memorysetup-typetree-allocator-block-size=2097152"
    "memorysetup-profiler-bucket-allocator-granularity=16"
    "memorysetup-profiler-bucket-allocator-bucket-count=8"
    "memorysetup-profiler-bucket-allocator-block-size=33554432"
    "memorysetup-profiler-bucket-allocator-block-count=8"
    "memorysetup-profiler-allocator-block-size=16777216"
    "memorysetup-profiler-editor-allocator-block-size=1048576"
    "memorysetup-temp-allocator-size-main=16777216"
    "memorysetup-job-temp-allocator-block-size=2097152"
    "memorysetup-job-temp-allocator-block-size-background=1048576"
    "memorysetup-job-temp-allocator-reduction-small-platforms=262144"
    "memorysetup-temp-allocator-size-background-worker=32768"
    "memorysetup-temp-allocator-size-job-worker=262144"
    "memorysetup-temp-allocator-size-preload-manager=33554432"
    "memorysetup-temp-allocator-size-nav-mesh-worker=65536"
    "memorysetup-temp-allocator-size-audio-worker=65536"
    "memorysetup-temp-allocator-size-cloud-worker=32768"
    "memorysetup-temp-allocator-size-gi-baking-worker=262144"
    "memorysetup-temp-allocator-size-gfx=262144"
Player connection [43264] Host "[IP] 10.188.103.239 [Port] 0 [Flags] 2 [Guid] 4085576578 [EditorId] 4085576578 [Version] 1048832 [Id] WindowsEditor(7,DESKTOP-2PEK1KO) [Debug] 1 [PackageName] WindowsEditor [ProjectName] Editor" joined multi-casting on [225.0.0.222:54997]...

Player connection [43264] Host "[IP] 10.188.103.239 [Port] 0 [Flags] 2 [Guid] 4085576578 [EditorId] 4085576578 [Version] 1048832 [Id] WindowsEditor(7,DESKTOP-2PEK1KO) [Debug] 1 [PackageName] WindowsEditor [ProjectName] Editor" joined alternative multi-casting on [225.0.0.222:34997]...

Refreshing native plugins compatible for Editor in 62.85 ms, found 3 plugins.
Preloading 0 native plugins for Editor in 0.00 ms.
Initialize engine version: 2021.3.15f1 (e8e88683f834)
[Subsystems] Discovering subsystems at path C:/Program Files/Unity/Hub/Editor/2021.3.15f1/Editor/Data/Resources/UnitySubsystems
[Subsystems] Discovering subsystems at path C:/Users/ozylo/Desktop/Cours/smartApp/FinalProject/repo/TheRoadToSalvation/Assets
GfxDevice: creating device client; threaded=0; jobified=0
Direct3D:
    Version:  Direct3D 11.0 [level 11.1]
    Renderer: NVIDIA GeForce RTX 3060 Ti (ID=0x2414)
    Vendor:   NVIDIA
    VRAM:     8038 MB
    Driver:   31.0.15.2802
Initialize mono
Mono path[0] = 'C:/Program Files/Unity/Hub/Editor/2021.3.15f1/Editor/Data/Managed'
Mono path[1] = 'C:/Program Files/Unity/Hub/Editor/2021.3.15f1/Editor/Data/MonoBleedingEdge/lib/mono/unityjit-win32'
Mono config path = 'C:/Program Files/Unity/Hub/Editor/2021.3.15f1/Editor/Data/MonoBleedingEdge/etc'
Using monoOptions --debugger-agent=transport=dt_socket,embedding=1,server=y,suspend=n,address=127.0.0.1:56300
Begin MonoManager ReloadAssembly
Registering precompiled unity dll's ...
Register platform support module: C:/Program Files/Unity/Hub/Editor/2021.3.15f1/Editor/Data/PlaybackEngines/WebGLSupport/UnityEditor.WebGL.Extensions.dll
Register platform support module: C:/Program Files/Unity/Hub/Editor/2021.3.15f1/Editor/Data/PlaybackEngines/WindowsStandaloneSupport/UnityEditor.WindowsStandalone.Extensions.dll
Registered in 0.003066 seconds.
Native extension for WindowsStandalone target not found
Native extension for WebGL target not found
Refreshing native plugins compatible for Editor in 56.28 ms, found 3 plugins.
Preloading 0 native plugins for Editor in 0.00 ms.
Mono: successfully reloaded assembly
- Completed reload, in  0.386 seconds
Domain Reload Profiling:
	ReloadAssembly (386ms)
		BeginReloadAssembly (42ms)
			ExecutionOrderSort (0ms)
			DisableScriptedObjects (0ms)
			BackupInstance (0ms)
			ReleaseScriptingObjects (0ms)
			CreateAndSetChildDomain (0ms)
		EndReloadAssembly (282ms)
			LoadAssemblies (41ms)
			RebuildTransferFunctionScriptingTraits (0ms)
			SetupTypeCache (57ms)
			ReleaseScriptCaches (0ms)
			RebuildScriptCaches (15ms)
			SetupLoadedEditorAssemblies (179ms)
				LogAssemblyErrors (0ms)
				InitializePlatformSupportModulesInManaged (5ms)
				SetLoadedEditorAssemblies (0ms)
				RefreshPlugins (56ms)
				BeforeProcessingInitializeOnLoad (1ms)
				ProcessInitializeOnLoadAttributes (91ms)
				ProcessInitializeOnLoadMethodAttributes (26ms)
				AfterProcessingInitializeOnLoad (0ms)
				EditorAssembliesLoaded (0ms)
			ExecutionOrderSort2 (0ms)
			AwakeInstancesAfterBackupRestoration (0ms)
Platform modules already initialized, skipping
Registering precompiled user dll's ...
Registered in 0.003326 seconds.
Begin MonoManager ReloadAssembly
Symbol file LoadedFromMemory doesn't match image C:\Users\ozylo\Desktop\Cours\smartApp\FinalProject\repo\TheRoadToSalvation\Library\PackageCache\com.unity.visualscripting@1.7.8\Editor\VisualScripting.Core\Dependencies\YamlDotNet\Unity.VisualScripting.YamlDotNet.dll
Symbol file LoadedFromMemory doesn't match image C:\Users\ozylo\Desktop\Cours\smartApp\FinalProject\repo\TheRoadToSalvation\Library\PackageCache\com.unity.visualscripting@1.7.8\Editor\VisualScripting.Core\Dependencies\DotNetZip\Unity.VisualScripting.IonicZip.dll
Native extension for WindowsStandalone target not found
Native extension for WebGL target not found
Refreshing native plugins compatible for Editor in 0.45 ms, found 3 plugins.
Preloading 0 native plugins for Editor in 0.00 ms.
Mono: successfully reloaded assembly
- Completed reload, in  0.613 seconds
Domain Reload Profiling:
	ReloadAssembly (613ms)
		BeginReloadAssembly (67ms)
			ExecutionOrderSort (0ms)
			DisableScriptedObjects (3ms)
			BackupInstance (0ms)
			ReleaseScriptingObjects (0ms)
			CreateAndSetChildDomain (13ms)
		EndReloadAssembly (472ms)
			LoadAssemblies (49ms)
			RebuildTransferFunctionScriptingTraits (0ms)
			SetupTypeCache (153ms)
			ReleaseScriptCaches (0ms)
			RebuildScriptCaches (27ms)
			SetupLoadedEditorAssemblies (221ms)
				LogAssemblyErrors (0ms)
				InitializePlatformSupportModulesInManaged (4ms)
				SetLoadedEditorAssemblies (0ms)
				RefreshPlugins (0ms)
				BeforeProcessingInitializeOnLoad (49ms)
				ProcessInitializeOnLoadAttributes (150ms)
				ProcessInitializeOnLoadMethodAttributes (14ms)
				AfterProcessingInitializeOnLoad (4ms)
				EditorAssembliesLoaded (0ms)
			ExecutionOrderSort2 (0ms)
			AwakeInstancesAfterBackupRestoration (3ms)
Platform modules already initialized, skipping
========================================================================
Worker process is ready to serve import requests
Launched and connected shader compiler UnityShaderCompiler.exe after 0.03 seconds
Refreshing native plugins compatible for Editor in 0.46 ms, found 3 plugins.
Preloading 0 native plugins for Editor in 0.00 ms.
Unloading 3525 Unused Serialized files (Serialized files now loaded: 0)
Unloading 32 unused Assets / (0.7 MB). Loaded Objects now: 4014.
Memory consumption went from 152.6 MB to 152.0 MB.
Total: 2.035900 ms (FindLiveObjects: 0.145700 ms CreateObjectMapping: 0.062200 ms MarkObjects: 1.656000 ms  DeleteObjects: 0.171400 ms)

AssetImportParameters requested are different than current active one (requested -> active):
  custom:video-decoder-ogg-theora: a1e56fd34408186e4bbccfd4996cb3dc -> 
  custom:container-muxer-webm: aa71ff27fc2769a1b78a27578f13a17b -> 
  custom:container-demuxer-webm: 4f35f7cbe854078d1ac9338744f61a02 -> 
  custom:video-encoder-webm-vp8: eb34c28f22e8b96e1ab97ce403110664 -> 
  custom:video-codec-MediaFoundation-h265: 746d11721c4dcdbdad8f713fa42b33f4 -> 
  custom:audio-encoder-webm-vorbis: bf7c407c2cedff20999df2af8eb42d56 -> 
  custom:framework-win-MediaFoundation: 216162199b28c13a410421893ffa2e32 -> 
  custom:container-demuxer-ogg: 62fdf1f143b41e24485cea50d1cbac27 -> 
  custom:video-decoder-webm-vp8: 9c59270c3fd7afecdb556c50c9e8de78 -> 
  custom:audio-decoder-ogg-vorbis: bf7c407c2cedff20999df2af8eb42d56 -> 
========================================================================
Received Import Request.
  Time since last request: 182915.264928 seconds.
  path: Assets/Prefab/Characters/A1 B2 C3/top down robot/Robot/M_Robot_002 1.mat
  artifactKey: Guid(44c2851aee5ee9c47a6d7e0bc3c556e6) Importer(815301076,1909f56bfc062723c751e8b465ee728b)
Start importing Assets/Prefab/Characters/A1 B2 C3/top down robot/Robot/M_Robot_002 1.mat using Guid(44c2851aee5ee9c47a6d7e0bc3c556e6) Importer(815301076,1909f56bfc062723c751e8b465ee728b)  -> (artifact id: 'fda48ade4e68b0fb9d85fa2d9be99609') in 0.106620 seconds 
========================================================================
Received Import Request.
  Time since last request: 80.787964 seconds.
  path: Assets/Prefab/Characters/Jax
  artifactKey: Guid(bef269c30bb4e384db7e4ba47a7c4fac) Importer(815301076,1909f56bfc062723c751e8b465ee728b)
Start importing Assets/Prefab/Characters/Jax using Guid(bef269c30bb4e384db7e4ba47a7c4fac) Importer(815301076,1909f56bfc062723c751e8b465ee728b)  -> (artifact id: '8d95017ba7d2ebd0d18c24f677f9e3a9') in 0.002134 seconds 
========================================================================
Received Import Request.
  Time since last request: 0.436989 seconds.
  path: Assets/Prefab/Characters/Jax/Bored.dae
  artifactKey: Guid(0373b7f7c07283a4385f4f37cbcf7d3d) Importer(815301076,1909f56bfc062723c751e8b465ee728b)
Start importing Assets/Prefab/Characters/Jax/Bored.dae using Guid(0373b7f7c07283a4385f4f37cbcf7d3d) Importer(815301076,1909f56bfc062723c751e8b465ee728b)  -> (artifact id: 'b35ca8e2138d7ad08f6d5dd86f318759') in 0.059536 seconds 
========================================================================
Received Import Request.
  Time since last request: 69.402290 seconds.
  path: Assets/Prefab/Characters/Rony
  artifactKey: Guid(fea9da5cd7031b646a56444895e25ae6) Importer(815301076,1909f56bfc062723c751e8b465ee728b)
Start importing Assets/Prefab/Characters/Rony using Guid(fea9da5cd7031b646a56444895e25ae6) Importer(815301076,1909f56bfc062723c751e8b465ee728b)  -> (artifact id: '6db36ca08d6949e0a0c0b01ae79b1c53') in 0.001880 seconds 
========================================================================
Received Import Request.
  Time since last request: 0.100477 seconds.
  path: Assets/Prefab/Characters/Rony/Talking.dae
  artifactKey: Guid(744c8da12c8f5b94a95977197deaa9ad) Importer(815301076,1909f56bfc062723c751e8b465ee728b)
Start importing Assets/Prefab/Characters/Rony/Talking.dae using Guid(744c8da12c8f5b94a95977197deaa9ad) Importer(815301076,1909f56bfc062723c751e8b465ee728b)  -> (artifact id: '214245c6ebe703100b69f6713f90eae5') in 0.021333 seconds 
========================================================================
Received Import Request.
  Time since last request: 53.215394 seconds.
  path: Assets/Prefab/Characters/Henry
  artifactKey: Guid(3ba5b9180a9dddd4da4e5b53e3f48abd) Importer(815301076,1909f56bfc062723c751e8b465ee728b)
Start importing Assets/Prefab/Characters/Henry using Guid(3ba5b9180a9dddd4da4e5b53e3f48abd) Importer(815301076,1909f56bfc062723c751e8b465ee728b)  -> (artifact id: '724335d4b0d77813f48388e2b4611ec1') in 0.002256 seconds 
========================================================================
Received Import Request.
  Time since last request: 0.037470 seconds.
  path: Assets/Prefab/Characters/Henry/Ch30_nonPBR@Breathing Idle.fbx
  artifactKey: Guid(64fd282d1a90a46498dec41c53b811d8) Importer(815301076,1909f56bfc062723c751e8b465ee728b)
Start importing Assets/Prefab/Characters/Henry/Ch30_nonPBR@Breathing Idle.fbx using Guid(64fd282d1a90a46498dec41c53b811d8) Importer(815301076,1909f56bfc062723c751e8b465ee728b)  -> (artifact id: '1ebbd6db976507c421e3a11bb7882319') in 0.059902 seconds 
========================================================================
Received Import Request.
  Time since last request: 0.000013 seconds.
  path: Assets/Prefab/Characters/Henry/Ch30_nonPBR@Talking.fbx
  artifactKey: Guid(ffde2d70ae21d30498d4bba0486280c6) Importer(815301076,1909f56bfc062723c751e8b465ee728b)
Start importing Assets/Prefab/Characters/Henry/Ch30_nonPBR@Talking.fbx using Guid(ffde2d70ae21d30498d4bba0486280c6) Importer(815301076,1909f56bfc062723c751e8b465ee728b)  -> (artifact id: 'eb58d433ee93bac860d1a339bd174f93') in 0.059560 seconds 
========================================================================
Received Import Request.
  Time since last request: 99.292496 seconds.
  path: Assets/Prefab/Characters/Lee/Biomechanical_Mutant/Prefabs
  artifactKey: Guid(719ea17c9c9d4c245a5501ca7e285e8c) Importer(815301076,1909f56bfc062723c751e8b465ee728b)
Start importing Assets/Prefab/Characters/Lee/Biomechanical_Mutant/Prefabs using Guid(719ea17c9c9d4c245a5501ca7e285e8c) Importer(815301076,1909f56bfc062723c751e8b465ee728b)  -> (artifact id: '2ccbc405b0076a344813255c09a37367') in 0.002079 seconds 
========================================================================
Received Import Request.
  Time since last request: 0.076680 seconds.
  path: Assets/Prefab/Characters/Lee/Biomechanical_Mutant/Prefabs/Biomech_Mutant_Skin_1.prefab
  artifactKey: Guid(5972bfbaf4860bb4e96084441f91e2c5) Importer(815301076,1909f56bfc062723c751e8b465ee728b)
Start importing Assets/Prefab/Characters/Lee/Biomechanical_Mutant/Prefabs/Biomech_Mutant_Skin_1.prefab using Guid(5972bfbaf4860bb4e96084441f91e2c5) Importer(815301076,1909f56bfc062723c751e8b465ee728b)  -> (artifact id: 'eba9bd0cb222f89f07697e32a61c86bd') in 0.005693 seconds 
========================================================================
Received Import Request.
  Time since last request: 0.000013 seconds.
  path: Assets/Prefab/Characters/Lee/Biomechanical_Mutant/Prefabs/Biomech_Mutant_Skin_2_bloody.prefab
  artifactKey: Guid(361e7d816dbe8cd418514e7966fbc94d) Importer(815301076,1909f56bfc062723c751e8b465ee728b)
Start importing Assets/Prefab/Characters/Lee/Biomechanical_Mutant/Prefabs/Biomech_Mutant_Skin_2_bloody.prefab using Guid(361e7d816dbe8cd418514e7966fbc94d) Importer(815301076,1909f56bfc062723c751e8b465ee728b)  -> (artifact id: 'bb98a999a9af43c08fd0f78e56bba800') in 0.003226 seconds 
========================================================================
Received Import Request.
  Time since last request: 8.065634 seconds.
  path: Assets/Prefab/Characters/Lee/Biomechanical_Mutant/Materials
  artifactKey: Guid(8ebe97bb425a66548a082f2af6d0f033) Importer(815301076,1909f56bfc062723c751e8b465ee728b)
Start importing Assets/Prefab/Characters/Lee/Biomechanical_Mutant/Materials using Guid(8ebe97bb425a66548a082f2af6d0f033) Importer(815301076,1909f56bfc062723c751e8b465ee728b)  -> (artifact id: '40e2defd6c725732947fe8ce9cf8cc2b') in 0.002127 seconds 
========================================================================
Received Import Request.
  Time since last request: 1.121608 seconds.
  path: Assets/Prefab/Characters/Lee/Biomechanical_Mutant/Mesh
  artifactKey: Guid(72f513f0c747df14794afb92ad097050) Importer(815301076,1909f56bfc062723c751e8b465ee728b)
Start importing Assets/Prefab/Characters/Lee/Biomechanical_Mutant/Mesh using Guid(72f513f0c747df14794afb92ad097050) Importer(815301076,1909f56bfc062723c751e8b465ee728b)  -> (artifact id: 'd386d31f3435a47b25f7aee71afb352d') in 0.002487 seconds 
========================================================================
Received Import Request.
  Time since last request: 195.805595 seconds.
  path: Assets/Prefab/Characters/Rax
  artifactKey: Guid(3c6f8362f5eded640adfd968cd9b7e86) Importer(815301076,1909f56bfc062723c751e8b465ee728b)
Start importing Assets/Prefab/Characters/Rax using Guid(3c6f8362f5eded640adfd968cd9b7e86) Importer(815301076,1909f56bfc062723c751e8b465ee728b)  -> (artifact id: '28e5adeb9319f6a1184d15c41d6711ee') in 0.002302 seconds 
========================================================================
Received Import Request.
  Time since last request: 1.654782 seconds.
  path: Assets/Prefab/Characters/Rax/Standing W
  artifactKey: Guid(a20173fab5597844695d1397500033f8) Importer(815301076,1909f56bfc062723c751e8b465ee728b)
Start importing Assets/Prefab/Characters/Rax/Standing W using Guid(a20173fab5597844695d1397500033f8) Importer(815301076,1909f56bfc062723c751e8b465ee728b)  -> (artifact id: '7e7ff4ac4b0a5c5258215dbe16300b5f') in 0.002562 seconds 
========================================================================
Received Import Request.
  Time since last request: 0.046121 seconds.
  path: Assets/Prefab/Characters/Rax/Standing W/Briefcase Idle.dae
  artifactKey: Guid(c09a138877f30ca44bc3fe4fefcef5a4) Importer(815301076,1909f56bfc062723c751e8b465ee728b)
Start importing Assets/Prefab/Characters/Rax/Standing W/Briefcase Idle.dae using Guid(c09a138877f30ca44bc3fe4fefcef5a4) Importer(815301076,1909f56bfc062723c751e8b465ee728b)  -> (artifact id: '550e071c0f5744539aa9cd3ed607846a') in 0.025323 seconds 
========================================================================
Received Import Request.
  Time since last request: 109.638403 seconds.
  path: Assets/Prefab/Characters/Sandrine
  artifactKey: Guid(c2aa961bd2eed1f4f9a921b596666dae) Importer(815301076,1909f56bfc062723c751e8b465ee728b)
Start importing Assets/Prefab/Characters/Sandrine using Guid(c2aa961bd2eed1f4f9a921b596666dae) Importer(815301076,1909f56bfc062723c751e8b465ee728b)  -> (artifact id: 'fd7764c7cebd685e25075731f8e41d2e') in 0.003129 seconds 
========================================================================
Received Import Request.
  Time since last request: 2.477760 seconds.
  path: Assets/Prefab/Characters/Sandrine/Prefab
  artifactKey: Guid(2535ad40789ebfb438117fd86c6c6359) Importer(815301076,1909f56bfc062723c751e8b465ee728b)
Start importing Assets/Prefab/Characters/Sandrine/Prefab using Guid(2535ad40789ebfb438117fd86c6c6359) Importer(815301076,1909f56bfc062723c751e8b465ee728b)  -> (artifact id: 'bc40e3848b4903c2b3a73dd384356411') in 0.001974 seconds 
========================================================================
Received Import Request.
  Time since last request: 3.633687 seconds.
  path: Assets/Prefab/Characters/Sandrine/Animation
  artifactKey: Guid(12d8c32cc30f3f94fb70baee1c4c139d) Importer(815301076,1909f56bfc062723c751e8b465ee728b)
Start importing Assets/Prefab/Characters/Sandrine/Animation using Guid(12d8c32cc30f3f94fb70baee1c4c139d) Importer(815301076,1909f56bfc062723c751e8b465ee728b)  -> (artifact id: '241496e5859928053f849ae90febba41') in 0.002330 seconds 
========================================================================
Received Import Request.
  Time since last request: 0.070876 seconds.
  path: Assets/Prefab/Characters/Sandrine/Animation/Titan@Attack(1).fbx
  artifactKey: Guid(8c329b0dc2cf9d04bb1e0cf44c5e8e08) Importer(815301076,1909f56bfc062723c751e8b465ee728b)
Start importing Assets/Prefab/Characters/Sandrine/Animation/Titan@Attack(1).fbx using Guid(8c329b0dc2cf9d04bb1e0cf44c5e8e08) Importer(815301076,1909f56bfc062723c751e8b465ee728b)  -> (artifact id: 'd4e0f4be40493f4af169f29839f0aa20') in 0.023529 seconds 
========================================================================
Received Import Request.
  Time since last request: 0.000018 seconds.
  path: Assets/Prefab/Characters/Sandrine/Animation/Titan@GetHit.fbx
  artifactKey: Guid(de27745f0c6084e4b84b90cdbb5dcb25) Importer(815301076,1909f56bfc062723c751e8b465ee728b)
Start importing Assets/Prefab/Characters/Sandrine/Animation/Titan@GetHit.fbx using Guid(de27745f0c6084e4b84b90cdbb5dcb25) Importer(815301076,1909f56bfc062723c751e8b465ee728b)  -> (artifact id: 'b050355c4b51bbd8515c4780937c3263') in 0.014563 seconds 
========================================================================
Received Import Request.
  Time since last request: 0.000016 seconds.
  path: Assets/Prefab/Characters/Sandrine/Animation/Titan@Shout.fbx
  artifactKey: Guid(cd93c8a5cba92a745bfa494f78b5482a) Importer(815301076,1909f56bfc062723c751e8b465ee728b)
Start importing Assets/Prefab/Characters/Sandrine/Animation/Titan@Shout.fbx using Guid(cd93c8a5cba92a745bfa494f78b5482a) Importer(815301076,1909f56bfc062723c751e8b465ee728b)  -> (artifact id: 'eecc44f9afdfc8b42236b44ead4912f6') in 0.014205 seconds 
========================================================================
Received Import Request.
  Time since last request: 0.000020 seconds.
  path: Assets/Prefab/Characters/Sandrine/Animation/Titan@Walk.fbx
  artifactKey: Guid(70b7bcebd91981041a4970994fbb36b3) Importer(815301076,1909f56bfc062723c751e8b465ee728b)
Start importing Assets/Prefab/Characters/Sandrine/Animation/Titan@Walk.fbx using Guid(70b7bcebd91981041a4970994fbb36b3) Importer(815301076,1909f56bfc062723c751e8b465ee728b)  -> (artifact id: 'aded6ae46c4b417df086366d3fd8096e') in 0.013263 seconds 
========================================================================
Received Import Request.
  Time since last request: 0.000015 seconds.
  path: Assets/Prefab/Characters/Sandrine/Animation/Titan@Death.fbx
  artifactKey: Guid(8430e2c6378ed8a49bf03bd56de48706) Importer(815301076,1909f56bfc062723c751e8b465ee728b)
Start importing Assets/Prefab/Characters/Sandrine/Animation/Titan@Death.fbx using Guid(8430e2c6378ed8a49bf03bd56de48706) Importer(815301076,1909f56bfc062723c751e8b465ee728b)  -> (artifact id: '91d80216fd626dade05aa6ef2d33fb43') in 0.013397 seconds 
========================================================================
Received Import Request.
  Time since last request: 0.000019 seconds.
  path: Assets/Prefab/Characters/Sandrine/Animation/Titan@Run.fbx
  artifactKey: Guid(56c16f8d5e0dae14bba144301f567126) Importer(815301076,1909f56bfc062723c751e8b465ee728b)
Start importing Assets/Prefab/Characters/Sandrine/Animation/Titan@Run.fbx using Guid(56c16f8d5e0dae14bba144301f567126) Importer(815301076,1909f56bfc062723c751e8b465ee728b)  -> (artifact id: '8554253c6f5e8431ac1253878efb4aef') in 0.013254 seconds 
Editor requested this worker to shutdown with reason: Scaling down because of idle timeout
AssetImportWorker is now disconnected from the server
Process exiting
Exiting without the bug reporter. Application will terminate with return code 0